<?xml version="1.0" encoding="UTF-8"?>
<testsuite xmlns:xsi="http://www.w3.org/2001/XMLSchema-instance" xsi:noNamespaceSchemaLocation="https://maven.apache.org/surefire/maven-surefire-plugin/xsd/surefire-test-report.xsd" name="org.lpld.datacompanies.AppTest" time="0.1" tests="1" errors="0" skipped="0" failures="0">
  <properties>
    <property name="sun.desktop" value="windows"/>
    <property name="awt.toolkit" value="sun.awt.windows.WToolkit"/>
    <property name="java.specification.version" value="11"/>
    <property name="sun.cpu.isalist" value="amd64"/>
    <property name="sun.jnu.encoding" value="Cp1252"/>
    <property name="java.class.path" value="C:\Users\tidad\Desktop\ProjetCNAM\datacompanies\target\test-classes;C:\Users\tidad\Desktop\ProjetCNAM\datacompanies\target\classes;C:\Users\tidad\.m2\repository\junit\junit\4.11\junit-4.11.jar;C:\Users\tidad\.m2\repository\org\hamcrest\hamcrest-core\1.3\hamcrest-core-1.3.jar;C:\Users\tidad\.m2\repository\org\mongodb\mongodb-driver-sync\4.1.1\mongodb-driver-sync-4.1.1.jar;C:\Users\tidad\.m2\repository\org\mongodb\bson\4.1.1\bson-4.1.1.jar;C:\Users\tidad\.m2\repository\org\mongodb\mongodb-driver-core\4.1.1\mongodb-driver-core-4.1.1.jar;C:\Users\tidad\.m2\repository\org\mongodb\mongodb-driver-legacy\4.1.1\mongodb-driver-legacy-4.1.1.jar;C:\Users\tidad\.m2\repository\com\googlecode\json-simple\json-simple\1.1.1\json-simple-1.1.1.jar;C:\Users\tidad\.m2\repository\com\amazonaws\aws-java-sdk\1.11.327\aws-java-sdk-1.11.327.jar;C:\Users\tidad\.m2\repository\com\amazonaws\aws-java-sdk-iotanalytics\1.11.327\aws-java-sdk-iotanalytics-1.11.327.jar;C:\Users\tidad\.m2\repository\com\amazonaws\jmespath-java\1.11.327\jmespath-java-1.11.327.jar;C:\Users\tidad\.m2\repository\com\amazonaws\aws-java-sdk-acmpca\1.11.327\aws-java-sdk-acmpca-1.11.327.jar;C:\Users\tidad\.m2\repository\com\amazonaws\aws-java-sdk-secretsmanager\1.11.327\aws-java-sdk-secretsmanager-1.11.327.jar;C:\Users\tidad\.m2\repository\com\amazonaws\aws-java-sdk-fms\1.11.327\aws-java-sdk-fms-1.11.327.jar;C:\Users\tidad\.m2\repository\com\amazonaws\aws-java-sdk-connect\1.11.327\aws-java-sdk-connect-1.11.327.jar;C:\Users\tidad\.m2\repository\com\amazonaws\aws-java-sdk-transcribe\1.11.327\aws-java-sdk-transcribe-1.11.327.jar;C:\Users\tidad\.m2\repository\com\amazonaws\aws-java-sdk-autoscalingplans\1.11.327\aws-java-sdk-autoscalingplans-1.11.327.jar;C:\Users\tidad\.m2\repository\com\amazonaws\aws-java-sdk-workmail\1.11.327\aws-java-sdk-workmail-1.11.327.jar;C:\Users\tidad\.m2\repository\com\amazonaws\aws-java-sdk-servicediscovery\1.11.327\aws-java-sdk-servicediscovery-1.11.327.jar;C:\Users\tidad\.m2\repository\com\amazonaws\aws-java-sdk-cloud9\1.11.327\aws-java-sdk-cloud9-1.11.327.jar;C:\Users\tidad\.m2\repository\com\amazonaws\aws-java-sdk-serverlessapplicationrepository\1.11.327\aws-java-sdk-serverlessapplicationrepository-1.11.327.jar;C:\Users\tidad\.m2\repository\com\amazonaws\aws-java-sdk-alexaforbusiness\1.11.327\aws-java-sdk-alexaforbusiness-1.11.327.jar;C:\Users\tidad\.m2\repository\com\amazonaws\aws-java-sdk-resourcegroups\1.11.327\aws-java-sdk-resourcegroups-1.11.327.jar;C:\Users\tidad\.m2\repository\com\amazonaws\aws-java-sdk-comprehend\1.11.327\aws-java-sdk-comprehend-1.11.327.jar;C:\Users\tidad\.m2\repository\com\amazonaws\aws-java-sdk-translate\1.11.327\aws-java-sdk-translate-1.11.327.jar;C:\Users\tidad\.m2\repository\com\amazonaws\aws-java-sdk-sagemaker\1.11.327\aws-java-sdk-sagemaker-1.11.327.jar;C:\Users\tidad\.m2\repository\com\amazonaws\aws-java-sdk-iotjobsdataplane\1.11.327\aws-java-sdk-iotjobsdataplane-1.11.327.jar;C:\Users\tidad\.m2\repository\com\amazonaws\aws-java-sdk-sagemakerruntime\1.11.327\aws-java-sdk-sagemakerruntime-1.11.327.jar;C:\Users\tidad\.m2\repository\com\amazonaws\aws-java-sdk-kinesisvideo\1.11.327\aws-java-sdk-kinesisvideo-1.11.327.jar;C:\Users\tidad\.m2\repository\io\netty\netty-codec-http\4.1.17.Final\netty-codec-http-4.1.17.Final.jar;C:\Users\tidad\.m2\repository\io\netty\netty-codec\4.1.17.Final\netty-codec-4.1.17.Final.jar;C:\Users\tidad\.m2\repository\io\netty\netty-handler\4.1.17.Final\netty-handler-4.1.17.Final.jar;C:\Users\tidad\.m2\repository\io\netty\netty-buffer\4.1.17.Final\netty-buffer-4.1.17.Final.jar;C:\Users\tidad\.m2\repository\io\netty\netty-common\4.1.17.Final\netty-common-4.1.17.Final.jar;C:\Users\tidad\.m2\repository\io\netty\netty-transport\4.1.17.Final\netty-transport-4.1.17.Final.jar;C:\Users\tidad\.m2\repository\io\netty\netty-resolver\4.1.17.Final\netty-resolver-4.1.17.Final.jar;C:\Users\tidad\.m2\repository\com\amazonaws\aws-java-sdk-appsync\1.11.327\aws-java-sdk-appsync-1.11.327.jar;C:\Users\tidad\.m2\repository\com\amazonaws\aws-java-sdk-guardduty\1.11.327\aws-java-sdk-guardduty-1.11.327.jar;C:\Users\tidad\.m2\repository\com\amazonaws\aws-java-sdk-mq\1.11.327\aws-java-sdk-mq-1.11.327.jar;C:\Users\tidad\.m2\repository\com\amazonaws\aws-java-sdk-mediaconvert\1.11.327\aws-java-sdk-mediaconvert-1.11.327.jar;C:\Users\tidad\.m2\repository\com\amazonaws\aws-java-sdk-mediastore\1.11.327\aws-java-sdk-mediastore-1.11.327.jar;C:\Users\tidad\.m2\repository\com\amazonaws\aws-java-sdk-mediastoredata\1.11.327\aws-java-sdk-mediastoredata-1.11.327.jar;C:\Users\tidad\.m2\repository\com\amazonaws\aws-java-sdk-medialive\1.11.327\aws-java-sdk-medialive-1.11.327.jar;C:\Users\tidad\.m2\repository\com\amazonaws\aws-java-sdk-mediapackage\1.11.327\aws-java-sdk-mediapackage-1.11.327.jar;C:\Users\tidad\.m2\repository\com\amazonaws\aws-java-sdk-costexplorer\1.11.327\aws-java-sdk-costexplorer-1.11.327.jar;C:\Users\tidad\.m2\repository\com\amazonaws\aws-java-sdk-pricing\1.11.327\aws-java-sdk-pricing-1.11.327.jar;C:\Users\tidad\.m2\repository\com\amazonaws\aws-java-sdk-mobile\1.11.327\aws-java-sdk-mobile-1.11.327.jar;C:\Users\tidad\.m2\repository\com\amazonaws\aws-java-sdk-cloudhsmv2\1.11.327\aws-java-sdk-cloudhsmv2-1.11.327.jar;C:\Users\tidad\.m2\repository\com\amazonaws\aws-java-sdk-glue\1.11.327\aws-java-sdk-glue-1.11.327.jar;C:\Users\tidad\.m2\repository\com\amazonaws\aws-java-sdk-migrationhub\1.11.327\aws-java-sdk-migrationhub-1.11.327.jar;C:\Users\tidad\.m2\repository\com\amazonaws\aws-java-sdk-dax\1.11.327\aws-java-sdk-dax-1.11.327.jar;C:\Users\tidad\.m2\repository\com\amazonaws\aws-java-sdk-greengrass\1.11.327\aws-java-sdk-greengrass-1.11.327.jar;C:\Users\tidad\.m2\repository\com\amazonaws\aws-java-sdk-athena\1.11.327\aws-java-sdk-athena-1.11.327.jar;C:\Users\tidad\.m2\repository\com\amazonaws\aws-java-sdk-marketplaceentitlement\1.11.327\aws-java-sdk-marketplaceentitlement-1.11.327.jar;C:\Users\tidad\.m2\repository\com\amazonaws\aws-java-sdk-codestar\1.11.327\aws-java-sdk-codestar-1.11.327.jar;C:\Users\tidad\.m2\repository\com\amazonaws\aws-java-sdk-lexmodelbuilding\1.11.327\aws-java-sdk-lexmodelbuilding-1.11.327.jar;C:\Users\tidad\.m2\repository\com\amazonaws\aws-java-sdk-resourcegroupstaggingapi\1.11.327\aws-java-sdk-resourcegroupstaggingapi-1.11.327.jar;C:\Users\tidad\.m2\repository\com\amazonaws\aws-java-sdk-pinpoint\1.11.327\aws-java-sdk-pinpoint-1.11.327.jar;C:\Users\tidad\.m2\repository\com\amazonaws\aws-java-sdk-xray\1.11.327\aws-java-sdk-xray-1.11.327.jar;C:\Users\tidad\.m2\repository\com\amazonaws\aws-java-sdk-opsworkscm\1.11.327\aws-java-sdk-opsworkscm-1.11.327.jar;C:\Users\tidad\.m2\repository\com\amazonaws\aws-java-sdk-support\1.11.327\aws-java-sdk-support-1.11.327.jar;C:\Users\tidad\.m2\repository\com\amazonaws\aws-java-sdk-simpledb\1.11.327\aws-java-sdk-simpledb-1.11.327.jar;C:\Users\tidad\.m2\repository\com\amazonaws\aws-java-sdk-servicecatalog\1.11.327\aws-java-sdk-servicecatalog-1.11.327.jar;C:\Users\tidad\.m2\repository\com\amazonaws\aws-java-sdk-servermigration\1.11.327\aws-java-sdk-servermigration-1.11.327.jar;C:\Users\tidad\.m2\repository\com\amazonaws\aws-java-sdk-simpleworkflow\1.11.327\aws-java-sdk-simpleworkflow-1.11.327.jar;C:\Users\tidad\.m2\repository\com\amazonaws\aws-java-sdk-storagegateway\1.11.327\aws-java-sdk-storagegateway-1.11.327.jar;C:\Users\tidad\.m2\repository\com\amazonaws\aws-java-sdk-route53\1.11.327\aws-java-sdk-route53-1.11.327.jar;C:\Users\tidad\.m2\repository\com\amazonaws\aws-java-sdk-s3\1.11.327\aws-java-sdk-s3-1.11.327.jar;C:\Users\tidad\.m2\repository\com\amazonaws\aws-java-sdk-importexport\1.11.327\aws-java-sdk-importexport-1.11.327.jar;C:\Users\tidad\.m2\repository\com\amazonaws\aws-java-sdk-sts\1.11.327\aws-java-sdk-sts-1.11.327.jar;C:\Users\tidad\.m2\repository\com\amazonaws\aws-java-sdk-sqs\1.11.327\aws-java-sdk-sqs-1.11.327.jar;C:\Users\tidad\.m2\repository\com\amazonaws\aws-java-sdk-rds\1.11.327\aws-java-sdk-rds-1.11.327.jar;C:\Users\tidad\.m2\repository\com\amazonaws\aws-java-sdk-redshift\1.11.327\aws-java-sdk-redshift-1.11.327.jar;C:\Users\tidad\.m2\repository\com\amazonaws\aws-java-sdk-elasticbeanstalk\1.11.327\aws-java-sdk-elasticbeanstalk-1.11.327.jar;C:\Users\tidad\.m2\repository\com\amazonaws\aws-java-sdk-glacier\1.11.327\aws-java-sdk-glacier-1.11.327.jar;C:\Users\tidad\.m2\repository\com\amazonaws\aws-java-sdk-iam\1.11.327\aws-java-sdk-iam-1.11.327.jar;C:\Users\tidad\.m2\repository\com\amazonaws\aws-java-sdk-datapipeline\1.11.327\aws-java-sdk-datapipeline-1.11.327.jar;C:\Users\tidad\.m2\repository\com\amazonaws\aws-java-sdk-elasticloadbalancing\1.11.327\aws-java-sdk-elasticloadbalancing-1.11.327.jar;C:\Users\tidad\.m2\repository\com\amazonaws\aws-java-sdk-elasticloadbalancingv2\1.11.327\aws-java-sdk-elasticloadbalancingv2-1.11.327.jar;C:\Users\tidad\.m2\repository\com\amazonaws\aws-java-sdk-emr\1.11.327\aws-java-sdk-emr-1.11.327.jar;C:\Users\tidad\.m2\repository\com\amazonaws\aws-java-sdk-elasticache\1.11.327\aws-java-sdk-elasticache-1.11.327.jar;C:\Users\tidad\.m2\repository\com\amazonaws\aws-java-sdk-elastictranscoder\1.11.327\aws-java-sdk-elastictranscoder-1.11.327.jar;C:\Users\tidad\.m2\repository\com\amazonaws\aws-java-sdk-ec2\1.11.327\aws-java-sdk-ec2-1.11.327.jar;C:\Users\tidad\.m2\repository\com\amazonaws\aws-java-sdk-dynamodb\1.11.327\aws-java-sdk-dynamodb-1.11.327.jar;C:\Users\tidad\.m2\repository\com\amazonaws\aws-java-sdk-sns\1.11.327\aws-java-sdk-sns-1.11.327.jar;C:\Users\tidad\.m2\repository\com\amazonaws\aws-java-sdk-budgets\1.11.327\aws-java-sdk-budgets-1.11.327.jar;C:\Users\tidad\.m2\repository\com\amazonaws\aws-java-sdk-cloudtrail\1.11.327\aws-java-sdk-cloudtrail-1.11.327.jar;C:\Users\tidad\.m2\repository\com\amazonaws\aws-java-sdk-cloudwatch\1.11.327\aws-java-sdk-cloudwatch-1.11.327.jar;C:\Users\tidad\.m2\repository\com\amazonaws\aws-java-sdk-logs\1.11.327\aws-java-sdk-logs-1.11.327.jar;C:\Users\tidad\.m2\repository\com\amazonaws\aws-java-sdk-events\1.11.327\aws-java-sdk-events-1.11.327.jar;C:\Users\tidad\.m2\repository\com\amazonaws\aws-java-sdk-cognitoidentity\1.11.327\aws-java-sdk-cognitoidentity-1.11.327.jar;C:\Users\tidad\.m2\repository\com\amazonaws\aws-java-sdk-cognitosync\1.11.327\aws-java-sdk-cognitosync-1.11.327.jar;C:\Users\tidad\.m2\repository\com\amazonaws\aws-java-sdk-directconnect\1.11.327\aws-java-sdk-directconnect-1.11.327.jar;C:\Users\tidad\.m2\repository\com\amazonaws\aws-java-sdk-cloudformation\1.11.327\aws-java-sdk-cloudformation-1.11.327.jar;C:\Users\tidad\.m2\repository\com\amazonaws\aws-java-sdk-cloudfront\1.11.327\aws-java-sdk-cloudfront-1.11.327.jar;C:\Users\tidad\.m2\repository\com\amazonaws\aws-java-sdk-clouddirectory\1.11.327\aws-java-sdk-clouddirectory-1.11.327.jar;C:\Users\tidad\.m2\repository\com\amazonaws\aws-java-sdk-kinesis\1.11.327\aws-java-sdk-kinesis-1.11.327.jar;C:\Users\tidad\.m2\repository\com\amazonaws\aws-java-sdk-opsworks\1.11.327\aws-java-sdk-opsworks-1.11.327.jar;C:\Users\tidad\.m2\repository\com\amazonaws\aws-java-sdk-ses\1.11.327\aws-java-sdk-ses-1.11.327.jar;C:\Users\tidad\.m2\repository\com\amazonaws\aws-java-sdk-autoscaling\1.11.327\aws-java-sdk-autoscaling-1.11.327.jar;C:\Users\tidad\.m2\repository\com\amazonaws\aws-java-sdk-cloudsearch\1.11.327\aws-java-sdk-cloudsearch-1.11.327.jar;C:\Users\tidad\.m2\repository\com\amazonaws\aws-java-sdk-cloudwatchmetrics\1.11.327\aws-java-sdk-cloudwatchmetrics-1.11.327.jar;C:\Users\tidad\.m2\repository\com\amazonaws\aws-java-sdk-codedeploy\1.11.327\aws-java-sdk-codedeploy-1.11.327.jar;C:\Users\tidad\.m2\repository\com\amazonaws\aws-java-sdk-codepipeline\1.11.327\aws-java-sdk-codepipeline-1.11.327.jar;C:\Users\tidad\.m2\repository\com\amazonaws\aws-java-sdk-kms\1.11.327\aws-java-sdk-kms-1.11.327.jar;C:\Users\tidad\.m2\repository\com\amazonaws\aws-java-sdk-config\1.11.327\aws-java-sdk-config-1.11.327.jar;C:\Users\tidad\.m2\repository\com\amazonaws\aws-java-sdk-lambda\1.11.327\aws-java-sdk-lambda-1.11.327.jar;C:\Users\tidad\.m2\repository\com\amazonaws\aws-java-sdk-ecs\1.11.327\aws-java-sdk-ecs-1.11.327.jar;C:\Users\tidad\.m2\repository\com\amazonaws\aws-java-sdk-ecr\1.11.327\aws-java-sdk-ecr-1.11.327.jar;C:\Users\tidad\.m2\repository\com\amazonaws\aws-java-sdk-cloudhsm\1.11.327\aws-java-sdk-cloudhsm-1.11.327.jar;C:\Users\tidad\.m2\repository\com\amazonaws\aws-java-sdk-ssm\1.11.327\aws-java-sdk-ssm-1.11.327.jar;C:\Users\tidad\.m2\repository\com\amazonaws\aws-java-sdk-workspaces\1.11.327\aws-java-sdk-workspaces-1.11.327.jar;C:\Users\tidad\.m2\repository\com\amazonaws\aws-java-sdk-machinelearning\1.11.327\aws-java-sdk-machinelearning-1.11.327.jar;C:\Users\tidad\.m2\repository\com\amazonaws\aws-java-sdk-directory\1.11.327\aws-java-sdk-directory-1.11.327.jar;C:\Users\tidad\.m2\repository\com\amazonaws\aws-java-sdk-efs\1.11.327\aws-java-sdk-efs-1.11.327.jar;C:\Users\tidad\.m2\repository\com\amazonaws\aws-java-sdk-codecommit\1.11.327\aws-java-sdk-codecommit-1.11.327.jar;C:\Users\tidad\.m2\repository\com\amazonaws\aws-java-sdk-devicefarm\1.11.327\aws-java-sdk-devicefarm-1.11.327.jar;C:\Users\tidad\.m2\repository\com\amazonaws\aws-java-sdk-elasticsearch\1.11.327\aws-java-sdk-elasticsearch-1.11.327.jar;C:\Users\tidad\.m2\repository\com\amazonaws\aws-java-sdk-waf\1.11.327\aws-java-sdk-waf-1.11.327.jar;C:\Users\tidad\.m2\repository\com\amazonaws\aws-java-sdk-marketplacecommerceanalytics\1.11.327\aws-java-sdk-marketplacecommerceanalytics-1.11.327.jar;C:\Users\tidad\.m2\repository\com\amazonaws\aws-java-sdk-inspector\1.11.327\aws-java-sdk-inspector-1.11.327.jar;C:\Users\tidad\.m2\repository\com\amazonaws\aws-java-sdk-iot\1.11.327\aws-java-sdk-iot-1.11.327.jar;C:\Users\tidad\.m2\repository\com\amazonaws\aws-java-sdk-api-gateway\1.11.327\aws-java-sdk-api-gateway-1.11.327.jar;C:\Users\tidad\.m2\repository\com\amazonaws\aws-java-sdk-acm\1.11.327\aws-java-sdk-acm-1.11.327.jar;C:\Users\tidad\.m2\repository\com\amazonaws\aws-java-sdk-gamelift\1.11.327\aws-java-sdk-gamelift-1.11.327.jar;C:\Users\tidad\.m2\repository\com\amazonaws\aws-java-sdk-dms\1.11.327\aws-java-sdk-dms-1.11.327.jar;C:\Users\tidad\.m2\repository\com\amazonaws\aws-java-sdk-marketplacemeteringservice\1.11.327\aws-java-sdk-marketplacemeteringservice-1.11.327.jar;C:\Users\tidad\.m2\repository\com\amazonaws\aws-java-sdk-cognitoidp\1.11.327\aws-java-sdk-cognitoidp-1.11.327.jar;C:\Users\tidad\.m2\repository\com\amazonaws\aws-java-sdk-discovery\1.11.327\aws-java-sdk-discovery-1.11.327.jar;C:\Users\tidad\.m2\repository\com\amazonaws\aws-java-sdk-applicationautoscaling\1.11.327\aws-java-sdk-applicationautoscaling-1.11.327.jar;C:\Users\tidad\.m2\repository\com\amazonaws\aws-java-sdk-snowball\1.11.327\aws-java-sdk-snowball-1.11.327.jar;C:\Users\tidad\.m2\repository\com\amazonaws\aws-java-sdk-rekognition\1.11.327\aws-java-sdk-rekognition-1.11.327.jar;C:\Users\tidad\.m2\repository\com\amazonaws\aws-java-sdk-polly\1.11.327\aws-java-sdk-polly-1.11.327.jar;C:\Users\tidad\.m2\repository\com\amazonaws\aws-java-sdk-lightsail\1.11.327\aws-java-sdk-lightsail-1.11.327.jar;C:\Users\tidad\.m2\repository\com\amazonaws\aws-java-sdk-stepfunctions\1.11.327\aws-java-sdk-stepfunctions-1.11.327.jar;C:\Users\tidad\.m2\repository\com\amazonaws\aws-java-sdk-health\1.11.327\aws-java-sdk-health-1.11.327.jar;C:\Users\tidad\.m2\repository\com\amazonaws\aws-java-sdk-costandusagereport\1.11.327\aws-java-sdk-costandusagereport-1.11.327.jar;C:\Users\tidad\.m2\repository\com\amazonaws\aws-java-sdk-codebuild\1.11.327\aws-java-sdk-codebuild-1.11.327.jar;C:\Users\tidad\.m2\repository\com\amazonaws\aws-java-sdk-appstream\1.11.327\aws-java-sdk-appstream-1.11.327.jar;C:\Users\tidad\.m2\repository\com\amazonaws\aws-java-sdk-shield\1.11.327\aws-java-sdk-shield-1.11.327.jar;C:\Users\tidad\.m2\repository\com\amazonaws\aws-java-sdk-batch\1.11.327\aws-java-sdk-batch-1.11.327.jar;C:\Users\tidad\.m2\repository\com\amazonaws\aws-java-sdk-lex\1.11.327\aws-java-sdk-lex-1.11.327.jar;C:\Users\tidad\.m2\repository\com\amazonaws\aws-java-sdk-mechanicalturkrequester\1.11.327\aws-java-sdk-mechanicalturkrequester-1.11.327.jar;C:\Users\tidad\.m2\repository\com\amazonaws\aws-java-sdk-organizations\1.11.327\aws-java-sdk-organizations-1.11.327.jar;C:\Users\tidad\.m2\repository\com\amazonaws\aws-java-sdk-workdocs\1.11.327\aws-java-sdk-workdocs-1.11.327.jar;C:\Users\tidad\.m2\repository\com\amazonaws\aws-java-sdk-core\1.11.327\aws-java-sdk-core-1.11.327.jar;C:\Users\tidad\.m2\repository\commons-logging\commons-logging\1.1.3\commons-logging-1.1.3.jar;C:\Users\tidad\.m2\repository\org\apache\httpcomponents\httpclient\4.5.5\httpclient-4.5.5.jar;C:\Users\tidad\.m2\repository\org\apache\httpcomponents\httpcore\4.4.9\httpcore-4.4.9.jar;C:\Users\tidad\.m2\repository\commons-codec\commons-codec\1.10\commons-codec-1.10.jar;C:\Users\tidad\.m2\repository\software\amazon\ion\ion-java\1.0.2\ion-java-1.0.2.jar;C:\Users\tidad\.m2\repository\com\fasterxml\jackson\core\jackson-databind\2.6.7.1\jackson-databind-2.6.7.1.jar;C:\Users\tidad\.m2\repository\com\fasterxml\jackson\core\jackson-annotations\2.6.0\jackson-annotations-2.6.0.jar;C:\Users\tidad\.m2\repository\com\fasterxml\jackson\core\jackson-core\2.6.7\jackson-core-2.6.7.jar;C:\Users\tidad\.m2\repository\com\fasterxml\jackson\dataformat\jackson-dataformat-cbor\2.6.7\jackson-dataformat-cbor-2.6.7.jar;C:\Users\tidad\.m2\repository\joda-time\joda-time\2.8.1\joda-time-2.8.1.jar;C:\Users\tidad\.m2\repository\com\amazonaws\aws-java-sdk-models\1.11.327\aws-java-sdk-models-1.11.327.jar;C:\Users\tidad\.m2\repository\com\amazonaws\aws-java-sdk-swf-libraries\1.11.22\aws-java-sdk-swf-libraries-1.11.22.jar;C:\Users\tidad\.m2\repository\com\jcraft\jsch\0.1.55\jsch-0.1.55.jar;C:\Users\tidad\.m2\repository\org\slf4j\slf4j-simple\1.7.12\slf4j-simple-1.7.12.jar;C:\Users\tidad\.m2\repository\org\slf4j\slf4j-api\1.7.12\slf4j-api-1.7.12.jar;"/>
    <property name="java.vm.vendor" value="Oracle Corporation"/>
    <property name="sun.arch.data.model" value="64"/>
    <property name="user.variant" value=""/>
    <property name="java.vendor.url" value="http://java.oracle.com/"/>
    <property name="user.timezone" value="Europe/Paris"/>
    <property name="java.vm.specification.version" value="11"/>
    <property name="os.name" value="Windows 10"/>
    <property name="sun.java.launcher" value="SUN_STANDARD"/>
    <property name="user.country" value="FR"/>
    <property name="sun.boot.library.path" value="C:\Program Files\Java\jdk-11.0.2\bin"/>
    <property name="sun.java.command" value="C:\Users\tidad\AppData\Local\Temp\surefire2341586372801120072\surefirebooter14005752251776286854.jar C:\Users\tidad\AppData\Local\Temp\surefire2341586372801120072 2021-01-31T22-50-25_210-jvmRun1 surefire4798584018220154952tmp surefire_02505015444281286656tmp"/>
    <property name="jdk.debug" value="release"/>
    <property name="surefire.test.class.path" value="C:\Users\tidad\Desktop\ProjetCNAM\datacompanies\target\test-classes;C:\Users\tidad\Desktop\ProjetCNAM\datacompanies\target\classes;C:\Users\tidad\.m2\repository\junit\junit\4.11\junit-4.11.jar;C:\Users\tidad\.m2\repository\org\hamcrest\hamcrest-core\1.3\hamcrest-core-1.3.jar;C:\Users\tidad\.m2\repository\org\mongodb\mongodb-driver-sync\4.1.1\mongodb-driver-sync-4.1.1.jar;C:\Users\tidad\.m2\repository\org\mongodb\bson\4.1.1\bson-4.1.1.jar;C:\Users\tidad\.m2\repository\org\mongodb\mongodb-driver-core\4.1.1\mongodb-driver-core-4.1.1.jar;C:\Users\tidad\.m2\repository\org\mongodb\mongodb-driver-legacy\4.1.1\mongodb-driver-legacy-4.1.1.jar;C:\Users\tidad\.m2\repository\com\googlecode\json-simple\json-simple\1.1.1\json-simple-1.1.1.jar;C:\Users\tidad\.m2\repository\com\amazonaws\aws-java-sdk\1.11.327\aws-java-sdk-1.11.327.jar;C:\Users\tidad\.m2\repository\com\amazonaws\aws-java-sdk-iotanalytics\1.11.327\aws-java-sdk-iotanalytics-1.11.327.jar;C:\Users\tidad\.m2\repository\com\amazonaws\jmespath-java\1.11.327\jmespath-java-1.11.327.jar;C:\Users\tidad\.m2\repository\com\amazonaws\aws-java-sdk-acmpca\1.11.327\aws-java-sdk-acmpca-1.11.327.jar;C:\Users\tidad\.m2\repository\com\amazonaws\aws-java-sdk-secretsmanager\1.11.327\aws-java-sdk-secretsmanager-1.11.327.jar;C:\Users\tidad\.m2\repository\com\amazonaws\aws-java-sdk-fms\1.11.327\aws-java-sdk-fms-1.11.327.jar;C:\Users\tidad\.m2\repository\com\amazonaws\aws-java-sdk-connect\1.11.327\aws-java-sdk-connect-1.11.327.jar;C:\Users\tidad\.m2\repository\com\amazonaws\aws-java-sdk-transcribe\1.11.327\aws-java-sdk-transcribe-1.11.327.jar;C:\Users\tidad\.m2\repository\com\amazonaws\aws-java-sdk-autoscalingplans\1.11.327\aws-java-sdk-autoscalingplans-1.11.327.jar;C:\Users\tidad\.m2\repository\com\amazonaws\aws-java-sdk-workmail\1.11.327\aws-java-sdk-workmail-1.11.327.jar;C:\Users\tidad\.m2\repository\com\amazonaws\aws-java-sdk-servicediscovery\1.11.327\aws-java-sdk-servicediscovery-1.11.327.jar;C:\Users\tidad\.m2\repository\com\amazonaws\aws-java-sdk-cloud9\1.11.327\aws-java-sdk-cloud9-1.11.327.jar;C:\Users\tidad\.m2\repository\com\amazonaws\aws-java-sdk-serverlessapplicationrepository\1.11.327\aws-java-sdk-serverlessapplicationrepository-1.11.327.jar;C:\Users\tidad\.m2\repository\com\amazonaws\aws-java-sdk-alexaforbusiness\1.11.327\aws-java-sdk-alexaforbusiness-1.11.327.jar;C:\Users\tidad\.m2\repository\com\amazonaws\aws-java-sdk-resourcegroups\1.11.327\aws-java-sdk-resourcegroups-1.11.327.jar;C:\Users\tidad\.m2\repository\com\amazonaws\aws-java-sdk-comprehend\1.11.327\aws-java-sdk-comprehend-1.11.327.jar;C:\Users\tidad\.m2\repository\com\amazonaws\aws-java-sdk-translate\1.11.327\aws-java-sdk-translate-1.11.327.jar;C:\Users\tidad\.m2\repository\com\amazonaws\aws-java-sdk-sagemaker\1.11.327\aws-java-sdk-sagemaker-1.11.327.jar;C:\Users\tidad\.m2\repository\com\amazonaws\aws-java-sdk-iotjobsdataplane\1.11.327\aws-java-sdk-iotjobsdataplane-1.11.327.jar;C:\Users\tidad\.m2\repository\com\amazonaws\aws-java-sdk-sagemakerruntime\1.11.327\aws-java-sdk-sagemakerruntime-1.11.327.jar;C:\Users\tidad\.m2\repository\com\amazonaws\aws-java-sdk-kinesisvideo\1.11.327\aws-java-sdk-kinesisvideo-1.11.327.jar;C:\Users\tidad\.m2\repository\io\netty\netty-codec-http\4.1.17.Final\netty-codec-http-4.1.17.Final.jar;C:\Users\tidad\.m2\repository\io\netty\netty-codec\4.1.17.Final\netty-codec-4.1.17.Final.jar;C:\Users\tidad\.m2\repository\io\netty\netty-handler\4.1.17.Final\netty-handler-4.1.17.Final.jar;C:\Users\tidad\.m2\repository\io\netty\netty-buffer\4.1.17.Final\netty-buffer-4.1.17.Final.jar;C:\Users\tidad\.m2\repository\io\netty\netty-common\4.1.17.Final\netty-common-4.1.17.Final.jar;C:\Users\tidad\.m2\repository\io\netty\netty-transport\4.1.17.Final\netty-transport-4.1.17.Final.jar;C:\Users\tidad\.m2\repository\io\netty\netty-resolver\4.1.17.Final\netty-resolver-4.1.17.Final.jar;C:\Users\tidad\.m2\repository\com\amazonaws\aws-java-sdk-appsync\1.11.327\aws-java-sdk-appsync-1.11.327.jar;C:\Users\tidad\.m2\repository\com\amazonaws\aws-java-sdk-guardduty\1.11.327\aws-java-sdk-guardduty-1.11.327.jar;C:\Users\tidad\.m2\repository\com\amazonaws\aws-java-sdk-mq\1.11.327\aws-java-sdk-mq-1.11.327.jar;C:\Users\tidad\.m2\repository\com\amazonaws\aws-java-sdk-mediaconvert\1.11.327\aws-java-sdk-mediaconvert-1.11.327.jar;C:\Users\tidad\.m2\repository\com\amazonaws\aws-java-sdk-mediastore\1.11.327\aws-java-sdk-mediastore-1.11.327.jar;C:\Users\tidad\.m2\repository\com\amazonaws\aws-java-sdk-mediastoredata\1.11.327\aws-java-sdk-mediastoredata-1.11.327.jar;C:\Users\tidad\.m2\repository\com\amazonaws\aws-java-sdk-medialive\1.11.327\aws-java-sdk-medialive-1.11.327.jar;C:\Users\tidad\.m2\repository\com\amazonaws\aws-java-sdk-mediapackage\1.11.327\aws-java-sdk-mediapackage-1.11.327.jar;C:\Users\tidad\.m2\repository\com\amazonaws\aws-java-sdk-costexplorer\1.11.327\aws-java-sdk-costexplorer-1.11.327.jar;C:\Users\tidad\.m2\repository\com\amazonaws\aws-java-sdk-pricing\1.11.327\aws-java-sdk-pricing-1.11.327.jar;C:\Users\tidad\.m2\repository\com\amazonaws\aws-java-sdk-mobile\1.11.327\aws-java-sdk-mobile-1.11.327.jar;C:\Users\tidad\.m2\repository\com\amazonaws\aws-java-sdk-cloudhsmv2\1.11.327\aws-java-sdk-cloudhsmv2-1.11.327.jar;C:\Users\tidad\.m2\repository\com\amazonaws\aws-java-sdk-glue\1.11.327\aws-java-sdk-glue-1.11.327.jar;C:\Users\tidad\.m2\repository\com\amazonaws\aws-java-sdk-migrationhub\1.11.327\aws-java-sdk-migrationhub-1.11.327.jar;C:\Users\tidad\.m2\repository\com\amazonaws\aws-java-sdk-dax\1.11.327\aws-java-sdk-dax-1.11.327.jar;C:\Users\tidad\.m2\repository\com\amazonaws\aws-java-sdk-greengrass\1.11.327\aws-java-sdk-greengrass-1.11.327.jar;C:\Users\tidad\.m2\repository\com\amazonaws\aws-java-sdk-athena\1.11.327\aws-java-sdk-athena-1.11.327.jar;C:\Users\tidad\.m2\repository\com\amazonaws\aws-java-sdk-marketplaceentitlement\1.11.327\aws-java-sdk-marketplaceentitlement-1.11.327.jar;C:\Users\tidad\.m2\repository\com\amazonaws\aws-java-sdk-codestar\1.11.327\aws-java-sdk-codestar-1.11.327.jar;C:\Users\tidad\.m2\repository\com\amazonaws\aws-java-sdk-lexmodelbuilding\1.11.327\aws-java-sdk-lexmodelbuilding-1.11.327.jar;C:\Users\tidad\.m2\repository\com\amazonaws\aws-java-sdk-resourcegroupstaggingapi\1.11.327\aws-java-sdk-resourcegroupstaggingapi-1.11.327.jar;C:\Users\tidad\.m2\repository\com\amazonaws\aws-java-sdk-pinpoint\1.11.327\aws-java-sdk-pinpoint-1.11.327.jar;C:\Users\tidad\.m2\repository\com\amazonaws\aws-java-sdk-xray\1.11.327\aws-java-sdk-xray-1.11.327.jar;C:\Users\tidad\.m2\repository\com\amazonaws\aws-java-sdk-opsworkscm\1.11.327\aws-java-sdk-opsworkscm-1.11.327.jar;C:\Users\tidad\.m2\repository\com\amazonaws\aws-java-sdk-support\1.11.327\aws-java-sdk-support-1.11.327.jar;C:\Users\tidad\.m2\repository\com\amazonaws\aws-java-sdk-simpledb\1.11.327\aws-java-sdk-simpledb-1.11.327.jar;C:\Users\tidad\.m2\repository\com\amazonaws\aws-java-sdk-servicecatalog\1.11.327\aws-java-sdk-servicecatalog-1.11.327.jar;C:\Users\tidad\.m2\repository\com\amazonaws\aws-java-sdk-servermigration\1.11.327\aws-java-sdk-servermigration-1.11.327.jar;C:\Users\tidad\.m2\repository\com\amazonaws\aws-java-sdk-simpleworkflow\1.11.327\aws-java-sdk-simpleworkflow-1.11.327.jar;C:\Users\tidad\.m2\repository\com\amazonaws\aws-java-sdk-storagegateway\1.11.327\aws-java-sdk-storagegateway-1.11.327.jar;C:\Users\tidad\.m2\repository\com\amazonaws\aws-java-sdk-route53\1.11.327\aws-java-sdk-route53-1.11.327.jar;C:\Users\tidad\.m2\repository\com\amazonaws\aws-java-sdk-s3\1.11.327\aws-java-sdk-s3-1.11.327.jar;C:\Users\tidad\.m2\repository\com\amazonaws\aws-java-sdk-importexport\1.11.327\aws-java-sdk-importexport-1.11.327.jar;C:\Users\tidad\.m2\repository\com\amazonaws\aws-java-sdk-sts\1.11.327\aws-java-sdk-sts-1.11.327.jar;C:\Users\tidad\.m2\repository\com\amazonaws\aws-java-sdk-sqs\1.11.327\aws-java-sdk-sqs-1.11.327.jar;C:\Users\tidad\.m2\repository\com\amazonaws\aws-java-sdk-rds\1.11.327\aws-java-sdk-rds-1.11.327.jar;C:\Users\tidad\.m2\repository\com\amazonaws\aws-java-sdk-redshift\1.11.327\aws-java-sdk-redshift-1.11.327.jar;C:\Users\tidad\.m2\repository\com\amazonaws\aws-java-sdk-elasticbeanstalk\1.11.327\aws-java-sdk-elasticbeanstalk-1.11.327.jar;C:\Users\tidad\.m2\repository\com\amazonaws\aws-java-sdk-glacier\1.11.327\aws-java-sdk-glacier-1.11.327.jar;C:\Users\tidad\.m2\repository\com\amazonaws\aws-java-sdk-iam\1.11.327\aws-java-sdk-iam-1.11.327.jar;C:\Users\tidad\.m2\repository\com\amazonaws\aws-java-sdk-datapipeline\1.11.327\aws-java-sdk-datapipeline-1.11.327.jar;C:\Users\tidad\.m2\repository\com\amazonaws\aws-java-sdk-elasticloadbalancing\1.11.327\aws-java-sdk-elasticloadbalancing-1.11.327.jar;C:\Users\tidad\.m2\repository\com\amazonaws\aws-java-sdk-elasticloadbalancingv2\1.11.327\aws-java-sdk-elasticloadbalancingv2-1.11.327.jar;C:\Users\tidad\.m2\repository\com\amazonaws\aws-java-sdk-emr\1.11.327\aws-java-sdk-emr-1.11.327.jar;C:\Users\tidad\.m2\repository\com\amazonaws\aws-java-sdk-elasticache\1.11.327\aws-java-sdk-elasticache-1.11.327.jar;C:\Users\tidad\.m2\repository\com\amazonaws\aws-java-sdk-elastictranscoder\1.11.327\aws-java-sdk-elastictranscoder-1.11.327.jar;C:\Users\tidad\.m2\repository\com\amazonaws\aws-java-sdk-ec2\1.11.327\aws-java-sdk-ec2-1.11.327.jar;C:\Users\tidad\.m2\repository\com\amazonaws\aws-java-sdk-dynamodb\1.11.327\aws-java-sdk-dynamodb-1.11.327.jar;C:\Users\tidad\.m2\repository\com\amazonaws\aws-java-sdk-sns\1.11.327\aws-java-sdk-sns-1.11.327.jar;C:\Users\tidad\.m2\repository\com\amazonaws\aws-java-sdk-budgets\1.11.327\aws-java-sdk-budgets-1.11.327.jar;C:\Users\tidad\.m2\repository\com\amazonaws\aws-java-sdk-cloudtrail\1.11.327\aws-java-sdk-cloudtrail-1.11.327.jar;C:\Users\tidad\.m2\repository\com\amazonaws\aws-java-sdk-cloudwatch\1.11.327\aws-java-sdk-cloudwatch-1.11.327.jar;C:\Users\tidad\.m2\repository\com\amazonaws\aws-java-sdk-logs\1.11.327\aws-java-sdk-logs-1.11.327.jar;C:\Users\tidad\.m2\repository\com\amazonaws\aws-java-sdk-events\1.11.327\aws-java-sdk-events-1.11.327.jar;C:\Users\tidad\.m2\repository\com\amazonaws\aws-java-sdk-cognitoidentity\1.11.327\aws-java-sdk-cognitoidentity-1.11.327.jar;C:\Users\tidad\.m2\repository\com\amazonaws\aws-java-sdk-cognitosync\1.11.327\aws-java-sdk-cognitosync-1.11.327.jar;C:\Users\tidad\.m2\repository\com\amazonaws\aws-java-sdk-directconnect\1.11.327\aws-java-sdk-directconnect-1.11.327.jar;C:\Users\tidad\.m2\repository\com\amazonaws\aws-java-sdk-cloudformation\1.11.327\aws-java-sdk-cloudformation-1.11.327.jar;C:\Users\tidad\.m2\repository\com\amazonaws\aws-java-sdk-cloudfront\1.11.327\aws-java-sdk-cloudfront-1.11.327.jar;C:\Users\tidad\.m2\repository\com\amazonaws\aws-java-sdk-clouddirectory\1.11.327\aws-java-sdk-clouddirectory-1.11.327.jar;C:\Users\tidad\.m2\repository\com\amazonaws\aws-java-sdk-kinesis\1.11.327\aws-java-sdk-kinesis-1.11.327.jar;C:\Users\tidad\.m2\repository\com\amazonaws\aws-java-sdk-opsworks\1.11.327\aws-java-sdk-opsworks-1.11.327.jar;C:\Users\tidad\.m2\repository\com\amazonaws\aws-java-sdk-ses\1.11.327\aws-java-sdk-ses-1.11.327.jar;C:\Users\tidad\.m2\repository\com\amazonaws\aws-java-sdk-autoscaling\1.11.327\aws-java-sdk-autoscaling-1.11.327.jar;C:\Users\tidad\.m2\repository\com\amazonaws\aws-java-sdk-cloudsearch\1.11.327\aws-java-sdk-cloudsearch-1.11.327.jar;C:\Users\tidad\.m2\repository\com\amazonaws\aws-java-sdk-cloudwatchmetrics\1.11.327\aws-java-sdk-cloudwatchmetrics-1.11.327.jar;C:\Users\tidad\.m2\repository\com\amazonaws\aws-java-sdk-codedeploy\1.11.327\aws-java-sdk-codedeploy-1.11.327.jar;C:\Users\tidad\.m2\repository\com\amazonaws\aws-java-sdk-codepipeline\1.11.327\aws-java-sdk-codepipeline-1.11.327.jar;C:\Users\tidad\.m2\repository\com\amazonaws\aws-java-sdk-kms\1.11.327\aws-java-sdk-kms-1.11.327.jar;C:\Users\tidad\.m2\repository\com\amazonaws\aws-java-sdk-config\1.11.327\aws-java-sdk-config-1.11.327.jar;C:\Users\tidad\.m2\repository\com\amazonaws\aws-java-sdk-lambda\1.11.327\aws-java-sdk-lambda-1.11.327.jar;C:\Users\tidad\.m2\repository\com\amazonaws\aws-java-sdk-ecs\1.11.327\aws-java-sdk-ecs-1.11.327.jar;C:\Users\tidad\.m2\repository\com\amazonaws\aws-java-sdk-ecr\1.11.327\aws-java-sdk-ecr-1.11.327.jar;C:\Users\tidad\.m2\repository\com\amazonaws\aws-java-sdk-cloudhsm\1.11.327\aws-java-sdk-cloudhsm-1.11.327.jar;C:\Users\tidad\.m2\repository\com\amazonaws\aws-java-sdk-ssm\1.11.327\aws-java-sdk-ssm-1.11.327.jar;C:\Users\tidad\.m2\repository\com\amazonaws\aws-java-sdk-workspaces\1.11.327\aws-java-sdk-workspaces-1.11.327.jar;C:\Users\tidad\.m2\repository\com\amazonaws\aws-java-sdk-machinelearning\1.11.327\aws-java-sdk-machinelearning-1.11.327.jar;C:\Users\tidad\.m2\repository\com\amazonaws\aws-java-sdk-directory\1.11.327\aws-java-sdk-directory-1.11.327.jar;C:\Users\tidad\.m2\repository\com\amazonaws\aws-java-sdk-efs\1.11.327\aws-java-sdk-efs-1.11.327.jar;C:\Users\tidad\.m2\repository\com\amazonaws\aws-java-sdk-codecommit\1.11.327\aws-java-sdk-codecommit-1.11.327.jar;C:\Users\tidad\.m2\repository\com\amazonaws\aws-java-sdk-devicefarm\1.11.327\aws-java-sdk-devicefarm-1.11.327.jar;C:\Users\tidad\.m2\repository\com\amazonaws\aws-java-sdk-elasticsearch\1.11.327\aws-java-sdk-elasticsearch-1.11.327.jar;C:\Users\tidad\.m2\repository\com\amazonaws\aws-java-sdk-waf\1.11.327\aws-java-sdk-waf-1.11.327.jar;C:\Users\tidad\.m2\repository\com\amazonaws\aws-java-sdk-marketplacecommerceanalytics\1.11.327\aws-java-sdk-marketplacecommerceanalytics-1.11.327.jar;C:\Users\tidad\.m2\repository\com\amazonaws\aws-java-sdk-inspector\1.11.327\aws-java-sdk-inspector-1.11.327.jar;C:\Users\tidad\.m2\repository\com\amazonaws\aws-java-sdk-iot\1.11.327\aws-java-sdk-iot-1.11.327.jar;C:\Users\tidad\.m2\repository\com\amazonaws\aws-java-sdk-api-gateway\1.11.327\aws-java-sdk-api-gateway-1.11.327.jar;C:\Users\tidad\.m2\repository\com\amazonaws\aws-java-sdk-acm\1.11.327\aws-java-sdk-acm-1.11.327.jar;C:\Users\tidad\.m2\repository\com\amazonaws\aws-java-sdk-gamelift\1.11.327\aws-java-sdk-gamelift-1.11.327.jar;C:\Users\tidad\.m2\repository\com\amazonaws\aws-java-sdk-dms\1.11.327\aws-java-sdk-dms-1.11.327.jar;C:\Users\tidad\.m2\repository\com\amazonaws\aws-java-sdk-marketplacemeteringservice\1.11.327\aws-java-sdk-marketplacemeteringservice-1.11.327.jar;C:\Users\tidad\.m2\repository\com\amazonaws\aws-java-sdk-cognitoidp\1.11.327\aws-java-sdk-cognitoidp-1.11.327.jar;C:\Users\tidad\.m2\repository\com\amazonaws\aws-java-sdk-discovery\1.11.327\aws-java-sdk-discovery-1.11.327.jar;C:\Users\tidad\.m2\repository\com\amazonaws\aws-java-sdk-applicationautoscaling\1.11.327\aws-java-sdk-applicationautoscaling-1.11.327.jar;C:\Users\tidad\.m2\repository\com\amazonaws\aws-java-sdk-snowball\1.11.327\aws-java-sdk-snowball-1.11.327.jar;C:\Users\tidad\.m2\repository\com\amazonaws\aws-java-sdk-rekognition\1.11.327\aws-java-sdk-rekognition-1.11.327.jar;C:\Users\tidad\.m2\repository\com\amazonaws\aws-java-sdk-polly\1.11.327\aws-java-sdk-polly-1.11.327.jar;C:\Users\tidad\.m2\repository\com\amazonaws\aws-java-sdk-lightsail\1.11.327\aws-java-sdk-lightsail-1.11.327.jar;C:\Users\tidad\.m2\repository\com\amazonaws\aws-java-sdk-stepfunctions\1.11.327\aws-java-sdk-stepfunctions-1.11.327.jar;C:\Users\tidad\.m2\repository\com\amazonaws\aws-java-sdk-health\1.11.327\aws-java-sdk-health-1.11.327.jar;C:\Users\tidad\.m2\repository\com\amazonaws\aws-java-sdk-costandusagereport\1.11.327\aws-java-sdk-costandusagereport-1.11.327.jar;C:\Users\tidad\.m2\repository\com\amazonaws\aws-java-sdk-codebuild\1.11.327\aws-java-sdk-codebuild-1.11.327.jar;C:\Users\tidad\.m2\repository\com\amazonaws\aws-java-sdk-appstream\1.11.327\aws-java-sdk-appstream-1.11.327.jar;C:\Users\tidad\.m2\repository\com\amazonaws\aws-java-sdk-shield\1.11.327\aws-java-sdk-shield-1.11.327.jar;C:\Users\tidad\.m2\repository\com\amazonaws\aws-java-sdk-batch\1.11.327\aws-java-sdk-batch-1.11.327.jar;C:\Users\tidad\.m2\repository\com\amazonaws\aws-java-sdk-lex\1.11.327\aws-java-sdk-lex-1.11.327.jar;C:\Users\tidad\.m2\repository\com\amazonaws\aws-java-sdk-mechanicalturkrequester\1.11.327\aws-java-sdk-mechanicalturkrequester-1.11.327.jar;C:\Users\tidad\.m2\repository\com\amazonaws\aws-java-sdk-organizations\1.11.327\aws-java-sdk-organizations-1.11.327.jar;C:\Users\tidad\.m2\repository\com\amazonaws\aws-java-sdk-workdocs\1.11.327\aws-java-sdk-workdocs-1.11.327.jar;C:\Users\tidad\.m2\repository\com\amazonaws\aws-java-sdk-core\1.11.327\aws-java-sdk-core-1.11.327.jar;C:\Users\tidad\.m2\repository\commons-logging\commons-logging\1.1.3\commons-logging-1.1.3.jar;C:\Users\tidad\.m2\repository\org\apache\httpcomponents\httpclient\4.5.5\httpclient-4.5.5.jar;C:\Users\tidad\.m2\repository\org\apache\httpcomponents\httpcore\4.4.9\httpcore-4.4.9.jar;C:\Users\tidad\.m2\repository\commons-codec\commons-codec\1.10\commons-codec-1.10.jar;C:\Users\tidad\.m2\repository\software\amazon\ion\ion-java\1.0.2\ion-java-1.0.2.jar;C:\Users\tidad\.m2\repository\com\fasterxml\jackson\core\jackson-databind\2.6.7.1\jackson-databind-2.6.7.1.jar;C:\Users\tidad\.m2\repository\com\fasterxml\jackson\core\jackson-annotations\2.6.0\jackson-annotations-2.6.0.jar;C:\Users\tidad\.m2\repository\com\fasterxml\jackson\core\jackson-core\2.6.7\jackson-core-2.6.7.jar;C:\Users\tidad\.m2\repository\com\fasterxml\jackson\dataformat\jackson-dataformat-cbor\2.6.7\jackson-dataformat-cbor-2.6.7.jar;C:\Users\tidad\.m2\repository\joda-time\joda-time\2.8.1\joda-time-2.8.1.jar;C:\Users\tidad\.m2\repository\com\amazonaws\aws-java-sdk-models\1.11.327\aws-java-sdk-models-1.11.327.jar;C:\Users\tidad\.m2\repository\com\amazonaws\aws-java-sdk-swf-libraries\1.11.22\aws-java-sdk-swf-libraries-1.11.22.jar;C:\Users\tidad\.m2\repository\com\jcraft\jsch\0.1.55\jsch-0.1.55.jar;C:\Users\tidad\.m2\repository\org\slf4j\slf4j-simple\1.7.12\slf4j-simple-1.7.12.jar;C:\Users\tidad\.m2\repository\org\slf4j\slf4j-api\1.7.12\slf4j-api-1.7.12.jar;"/>
    <property name="sun.cpu.endian" value="little"/>
    <property name="user.home" value="C:\Users\tidad"/>
    <property name="user.language" value="fr"/>
    <property name="java.specification.vendor" value="Oracle Corporation"/>
    <property name="java.version.date" value="2019-01-15"/>
    <property name="java.home" value="C:\Program Files\Java\jdk-11.0.2"/>
    <property name="file.separator" value="\"/>
    <property name="basedir" value="C:\Users\tidad\Desktop\ProjetCNAM\datacompanies"/>
    <property name="java.vm.compressedOopsMode" value="32-bit"/>
    <property name="line.separator" value="&#10;"/>
    <property name="java.specification.name" value="Java Platform API Specification"/>
    <property name="java.vm.specification.vendor" value="Oracle Corporation"/>
    <property name="java.awt.graphicsenv" value="sun.awt.Win32GraphicsEnvironment"/>
    <property name="surefire.real.class.path" value="C:\Users\tidad\AppData\Local\Temp\surefire2341586372801120072\surefirebooter14005752251776286854.jar"/>
    <property name="user.script" value=""/>
    <property name="sun.management.compiler" value="HotSpot 64-Bit Tiered Compilers"/>
    <property name="java.runtime.version" value="11.0.2+9-LTS"/>
    <property name="user.name" value="tidad"/>
    <property name="path.separator" value=";"/>
    <property name="os.version" value="10.0"/>
    <property name="java.runtime.name" value="Java(TM) SE Runtime Environment"/>
    <property name="file.encoding" value="Cp1252"/>
    <property name="java.vm.name" value="Java HotSpot(TM) 64-Bit Server VM"/>
    <property name="java.vendor.version" value="18.9"/>
    <property name="localRepository" value="C:\Users\tidad\.m2\repository"/>
    <property name="java.vendor.url.bug" value="http://bugreport.java.com/bugreport/"/>
    <property name="java.io.tmpdir" value="C:\Users\tidad\AppData\Local\Temp\"/>
    <property name="java.version" value="11.0.2"/>
    <property name="user.dir" value="C:\Users\tidad\Desktop\ProjetCNAM\datacompanies"/>
    <property name="os.arch" value="amd64"/>
    <property name="java.vm.specification.name" value="Java Virtual Machine Specification"/>
    <property name="java.awt.printerjob" value="sun.awt.windows.WPrinterJob"/>
    <property name="sun.os.patch.level" value=""/>
    <property name="java.library.path" value="C:\Program Files\Java\jdk-11.0.2\bin;C:\WINDOWS\Sun\Java\bin;C:\WINDOWS\system32;C:\WINDOWS;C:\Python38\Scripts\;C:\Python38\;C:\Program Files (x86)\Common Files\Intel\Shared Libraries\redist\intel64_win\compiler;C:\Python27\;C:\Python27\Scripts;C:\Program Files (x86)\Common Files\Oracle\Java\javapath;C:\Program Files (x86)\Common Files\Intel\Shared Libraries\redist\intel64\compiler;C:\WINDOWS\system32;C:\WINDOWS;C:\WINDOWS\System32\Wbem;C:\WINDOWS\System32\WindowsPowerShell\v1.0\;C:\WINDOWS\System32\OpenSSH\;C:\Program Files (x86)\Microsoft VS Code\bin;C:\Program Files\Intel\WiFi\bin\;C:\Program Files\Common Files\Intel\WirelessCommon\;C:\Program Files\Git\cmd;C:\ProgramData\chocolatey\bin;C:\Program Files\MongoDB\Server\4.2\bin;C:\Program Files\PowerShell\7\;C:\openssl-0.9.8k_X64\bin;C:\Users\tidad\.android;&quot;C:\Program Files (x86)\Android\android-sdk\tools\;C:\Program Files (x86)\Android\android-sdk\platform-tools\&quot;;C:\ProgramData\ComposerSetup\bin;C:\Program Files\Symfony;C:\wamp64\bin\php\php7.3.12;C:\wamp64\bin\mysql\mysql8.0.18\bin;C:\Users\tidad\AppData\Local\atom\app-1.50.0\resources\app\apm\bin;C:\Program Files\nodejs\;C:\Users\tidad\AppData\Local\Android\Sdk\platform-tools;C:\Program Files\Docker\Docker\resources\bin;C:\ProgramData\DockerDesktop\version-bin;C:\apache-maven-3.6.3\bin;C:\Program Files\Java\jdk-11.0.2\bin;C:\apache-maven-3.6.3\bin;C:\Program Files\RedHat\java-1.8.0-openjdk-1.8.0.212-3\bin;C:\Users\tidad\AppData\Local\atom\bin;C:\Users\tidad\AppData\Roaming\Composer\vendor\bin;C:\wamp64\bin\php\php7.3.5;C:\Users\tidad\AppData\Local\Programs\Microsoft VS Code\bin;C:\Program Files\JetBrains\IntelliJ IDEA Educational Edition 2020.2\bin;;C:\Users\tidad\AppData\Local\atom\app-1.50.0\resources\app\apm\bin;C:\Users\tidad\AppData\Roaming\npm;C:\Users\tidad\AppData\Local\Android\Sdk\platform-tools;;."/>
    <property name="java.vendor" value="Oracle Corporation"/>
    <property name="java.vm.info" value="mixed mode"/>
    <property name="java.vm.version" value="11.0.2+9-LTS"/>
    <property name="sun.io.unicode.encoding" value="UnicodeLittle"/>
    <property name="java.class.version" value="55.0"/>
  </properties>
  <testcase name="shouldAnswerWithTrue" classname="org.lpld.datacompanies.AppTest" time="0.003"/>
</testsuite>