<?xml version="1.0" encoding="UTF-8"?>
<testsuite xmlns:xsi="http://www.w3.org/2001/XMLSchema-instance" xsi:noNamespaceSchemaLocation="https://maven.apache.org/surefire/maven-surefire-plugin/xsd/surefire-test-report.xsd" name="org.lpld.datacompanies.AppTest" time="0.015" tests="1" errors="0" skipped="0" failures="0">
  <properties>
    <property name="sun.desktop" value="windows"/>
    <property name="awt.toolkit" value="sun.awt.windows.WToolkit"/>
    <property name="java.specification.version" value="11"/>
    <property name="sun.cpu.isalist" value="amd64"/>
    <property name="sun.jnu.encoding" value="Cp1252"/>
    <property name="java.class.path" value="C:\Users\tidad\Desktop\ProjetCNAM\datacompanies\target\test-classes;C:\Users\tidad\Desktop\ProjetCNAM\datacompanies\target\classes;C:\Users\tidad\.m2\repository\junit\junit\4.11\junit-4.11.jar;C:\Users\tidad\.m2\repository\org\hamcrest\hamcrest-core\1.3\hamcrest-core-1.3.jar;C:\Users\tidad\.m2\repository\org\mongodb\mongodb-driver-sync\4.1.1\mongodb-driver-sync-4.1.1.jar;C:\Users\tidad\.m2\repository\org\mongodb\bson\4.1.1\bson-4.1.1.jar;C:\Users\tidad\.m2\repository\org\mongodb\mongodb-driver-core\4.1.1\mongodb-driver-core-4.1.1.jar;C:\Users\tidad\.m2\repository\org\mongodb\mongodb-driver-legacy\4.1.1\mongodb-driver-legacy-4.1.1.jar;"/>
    <property name="java.vm.vendor" value="Oracle Corporation"/>
    <property name="sun.arch.data.model" value="64"/>
    <property name="user.variant" value=""/>
    <property name="java.vendor.url" value="http://java.oracle.com/"/>
    <property name="user.timezone" value="Europe/Paris"/>
    <property name="java.vm.specification.version" value="11"/>
    <property name="os.name" value="Windows 10"/>
    <property name="sun.java.launcher" value="SUN_STANDARD"/>
    <property name="user.country" value="FR"/>
    <property name="sun.boot.library.path" value="C:\Program Files\Java\jdk-11.0.2\bin"/>
    <property name="sun.java.command" value="C:\Users\tidad\AppData\Local\Temp\surefire13496522305042803619\surefirebooter14440063182377345209.jar C:\Users\tidad\AppData\Local\Temp\surefire13496522305042803619 2021-01-03T13-55-03_725-jvmRun1 surefire4969632066519679221tmp surefire_010630127921453879791tmp"/>
    <property name="jdk.debug" value="release"/>
    <property name="surefire.test.class.path" value="C:\Users\tidad\Desktop\ProjetCNAM\datacompanies\target\test-classes;C:\Users\tidad\Desktop\ProjetCNAM\datacompanies\target\classes;C:\Users\tidad\.m2\repository\junit\junit\4.11\junit-4.11.jar;C:\Users\tidad\.m2\repository\org\hamcrest\hamcrest-core\1.3\hamcrest-core-1.3.jar;C:\Users\tidad\.m2\repository\org\mongodb\mongodb-driver-sync\4.1.1\mongodb-driver-sync-4.1.1.jar;C:\Users\tidad\.m2\repository\org\mongodb\bson\4.1.1\bson-4.1.1.jar;C:\Users\tidad\.m2\repository\org\mongodb\mongodb-driver-core\4.1.1\mongodb-driver-core-4.1.1.jar;C:\Users\tidad\.m2\repository\org\mongodb\mongodb-driver-legacy\4.1.1\mongodb-driver-legacy-4.1.1.jar;"/>
    <property name="sun.cpu.endian" value="little"/>
    <property name="user.home" value="C:\Users\tidad"/>
    <property name="user.language" value="fr"/>
    <property name="java.specification.vendor" value="Oracle Corporation"/>
    <property name="java.version.date" value="2019-01-15"/>
    <property name="java.home" value="C:\Program Files\Java\jdk-11.0.2"/>
    <property name="file.separator" value="\"/>
    <property name="basedir" value="C:\Users\tidad\Desktop\ProjetCNAM\datacompanies"/>
    <property name="java.vm.compressedOopsMode" value="32-bit"/>
    <property name="line.separator" value="&#10;"/>
    <property name="java.specification.name" value="Java Platform API Specification"/>
    <property name="java.vm.specification.vendor" value="Oracle Corporation"/>
    <property name="java.awt.graphicsenv" value="sun.awt.Win32GraphicsEnvironment"/>
    <property name="surefire.real.class.path" value="C:\Users\tidad\AppData\Local\Temp\surefire13496522305042803619\surefirebooter14440063182377345209.jar"/>
    <property name="user.script" value=""/>
    <property name="sun.management.compiler" value="HotSpot 64-Bit Tiered Compilers"/>
    <property name="java.runtime.version" value="11.0.2+9-LTS"/>
    <property name="user.name" value="tidad"/>
    <property name="path.separator" value=";"/>
    <property name="os.version" value="10.0"/>
    <property name="java.runtime.name" value="Java(TM) SE Runtime Environment"/>
    <property name="file.encoding" value="Cp1252"/>
    <property name="java.vm.name" value="Java HotSpot(TM) 64-Bit Server VM"/>
    <property name="java.vendor.version" value="18.9"/>
    <property name="localRepository" value="C:\Users\tidad\.m2\repository"/>
    <property name="java.vendor.url.bug" value="http://bugreport.java.com/bugreport/"/>
    <property name="java.io.tmpdir" value="C:\Users\tidad\AppData\Local\Temp\"/>
    <property name="java.version" value="11.0.2"/>
    <property name="user.dir" value="C:\Users\tidad\Desktop\ProjetCNAM\datacompanies"/>
    <property name="os.arch" value="amd64"/>
    <property name="java.vm.specification.name" value="Java Virtual Machine Specification"/>
    <property name="java.awt.printerjob" value="sun.awt.windows.WPrinterJob"/>
    <property name="sun.os.patch.level" value=""/>
    <property name="java.library.path" value="C:\Program Files\Java\jdk-11.0.2\bin;C:\WINDOWS\Sun\Java\bin;C:\WINDOWS\system32;C:\WINDOWS;C:\Python38\Scripts\;C:\Python38\;C:\Program Files (x86)\Common Files\Intel\Shared Libraries\redist\intel64_win\compiler;C:\Python27\;C:\Python27\Scripts;C:\Program Files (x86)\Common Files\Oracle\Java\javapath;C:\Program Files (x86)\Common Files\Intel\Shared Libraries\redist\intel64\compiler;C:\WINDOWS\system32;C:\WINDOWS;C:\WINDOWS\System32\Wbem;C:\WINDOWS\System32\WindowsPowerShell\v1.0\;C:\WINDOWS\System32\OpenSSH\;C:\Program Files (x86)\Microsoft VS Code\bin;C:\Program Files\Intel\WiFi\bin\;C:\Program Files\Common Files\Intel\WirelessCommon\;C:\Program Files\Git\cmd;C:\ProgramData\chocolatey\bin;C:\Program Files\MongoDB\Server\4.2\bin;C:\Program Files\PowerShell\7\;C:\openssl-0.9.8k_X64\bin;C:\Users\tidad\.android;&quot;C:\Program Files (x86)\Android\android-sdk\tools\;C:\Program Files (x86)\Android\android-sdk\platform-tools\&quot;;C:\ProgramData\ComposerSetup\bin;C:\Program Files\Symfony;C:\wamp64\bin\php\php7.3.12;C:\wamp64\bin\mysql\mysql8.0.18\bin;C:\Users\tidad\AppData\Local\atom\app-1.50.0\resources\app\apm\bin;C:\Program Files\nodejs\;C:\Users\tidad\AppData\Local\Android\Sdk\platform-tools;C:\Program Files\Docker\Docker\resources\bin;C:\ProgramData\DockerDesktop\version-bin;C:\apache-maven-3.6.3\bin;C:\Program Files\Java\jdk-11.0.2\bin;C:\apache-maven-3.6.3\bin;C:\Program Files\RedHat\java-1.8.0-openjdk-1.8.0.212-3\bin;C:\Users\tidad\AppData\Local\atom\bin;C:\Users\tidad\AppData\Roaming\Composer\vendor\bin;C:\wamp64\bin\php\php7.3.5;C:\Users\tidad\AppData\Local\Programs\Microsoft VS Code\bin;C:\Program Files\JetBrains\IntelliJ IDEA Educational Edition 2020.2\bin;C:\Users\tidad\AppData\Roaming\npm;."/>
    <property name="java.vendor" value="Oracle Corporation"/>
    <property name="java.vm.info" value="mixed mode"/>
    <property name="java.vm.version" value="11.0.2+9-LTS"/>
    <property name="sun.io.unicode.encoding" value="UnicodeLittle"/>
    <property name="java.class.version" value="55.0"/>
  </properties>
  <testcase name="shouldAnswerWithTrue" classname="org.lpld.datacompanies.AppTest" time="0.003"/>
</testsuite>